2025-09-27 19:20:00 | DEBUG | repo=ffmpeg.wasm | action=pull
2025-01-27 20:27:00 | WARN | repo=ffmpeg.wasm | action=commit
2025-07-02 13:03:00 | WARN | repo=ffmpeg.wasm | action=commit
2025-06-25 12:30:00 | DEBUG | repo=ffmpeg.wasm | action=test | passed=true
2025-09-07 15:38:00 | WARN | repo=ffmpeg.wasm | action=pull
2025-02-24 07:46:00 | INFO | repo=ffmpeg.wasm | action=edit | files=5
2025-01-18 19:56:00 | INFO | repo=ffmpeg.wasm | action=pull
2025-09-17 21:03:00 | DEBUG | repo=ffmpeg.wasm | action=test | passed=true
2025-11-11 19:48:00 | WARN | repo=ffmpeg.wasm | action=commit
2025-06-06 08:32:00 | INFO | repo=ffmpeg.wasm | action=commit
2025-11-19 15:13:00 | WARN | repo=ffmpeg.wasm | action=pull
2025-09-02 10:30:00 | DEBUG | repo=ffmpeg.wasm | action=commit
2025-11-16 17:42:00 | INFO | repo=ffmpeg.wasm | action=pull
2025-04-13 08:29:00 | DEBUG | repo=ffmpeg.wasm | action=edit | files=3
2025-05-14 18:30:00 | INFO | repo=ffmpeg.wasm | action=commit
2025-03-25 10:47:00 | WARN | repo=ffmpeg.wasm | action=commit
2025-02-02 12:32:00 | WARN | repo=ffmpeg.wasm | action=pull
2025-09-19 10:52:00 | INFO | repo=ffmpeg.wasm | action=pull
2025-10-19 07:55:00 | DEBUG | repo=ffmpeg.wasm | action=commit
2025-07-08 15:17:00 | DEBUG | repo=ffmpeg.wasm | action=commit
